--------- beginning of system
2024-10-06 13:39:41.475   568   568 I ActivityManager: Memory class: 192
2024-10-06 13:39:42.578   568   603 I ActivityManager: Connection with lmkd established
2024-10-06 13:39:43.048   568   601 D ActivityManager: Freezer enabled
2024-10-06 13:39:43.049   568   601 D ActivityManager: freezer override set to false
2024-10-06 13:39:46.330   568   568 I ActivityManager: System now ready
2024-10-06 13:39:46.350   568   568 W ActivityManager: Too early to start/bind service in system_server: Phase=550 ComponentInfo{com.android.server.telecom/com.android.server.telecom.components.TelecomService}
2024-10-06 13:39:46.351   568   568 W ActivityManager: Too early to start/bind service in system_server: Phase=550 ComponentInfo{com.android.server.telecom/com.android.server.telecom.components.TelecomService}
2024-10-06 13:39:46.515   568   602 W ActivityManager: Slow operation: 57ms so far, now at startProcess: returned from zygote!
2024-10-06 13:39:46.522   568   602 W ActivityManager: Slow operation: 64ms so far, now at startProcess: done updating battery stats
2024-10-06 13:39:46.522   568   602 W ActivityManager: Slow operation: 64ms so far, now at startProcess: building log message
2024-10-06 13:39:46.522   568   602 I ActivityManager: Start proc 759:com.android.systemui/u0a139 for service {com.android.systemui/com.android.systemui.ImageWallpaper}
2024-10-06 13:39:46.522   568   602 W ActivityManager: Slow operation: 64ms so far, now at startProcess: starting to update pids map
2024-10-06 13:39:46.522   568   602 W ActivityManager: Slow operation: 65ms so far, now at startProcess: done updating pids map
2024-10-06 13:39:46.906   568   602 I ActivityManager: Start proc 786:WebViewLoader-x86_64/1037 [android.webkit.WebViewLibraryLoader$RelroFileCreator] for 
--------- beginning of main
2024-10-06 13:40:21.716   568   660 E ActivityManager: Sending non-protected broadcast com.android.bluetooth.btservice.BLUETOOTH_COUNTER_METRICS_ACTION from system uid 1002 pkg com.android.bluetooth
2024-10-06 13:40:21.716   568   660 E ActivityManager: java.lang.Throwable
2024-10-06 13:40:21.716   568   660 E ActivityManager: 	at com.android.server.am.ActivityManagerService.checkBroadcastFromSystem(ActivityManagerService.java:13527)
2024-10-06 13:40:21.716   568   660 E ActivityManager: 	at com.android.server.am.ActivityManagerService.broadcastIntentLocked(ActivityManagerService.java:14245)
2024-10-06 13:40:21.716   568   660 E ActivityManager: 	at com.android.server.am.ActivityManagerService.broadcastIntentInPackage(ActivityManagerService.java:14429)
2024-10-06 13:40:21.716   568   660 E ActivityManager: 	at com.android.server.am.ActivityManagerService$LocalService.broadcastIntentInPackage(ActivityManagerService.java:16932)
2024-10-06 13:40:21.716   568   660 E ActivityManager: 	at com.android.server.am.PendingIntentRecord.sendInner(PendingIntentRecord.java:508)
2024-10-06 13:40:21.716   568   660 E ActivityManager: 	at com.android.server.am.PendingIntentRecord.sendWithResult(PendingIntentRecord.java:309)
2024-10-06 13:40:21.716   568   660 E ActivityManager: 	at com.android.server.am.ActivityManagerService.sendIntentSender(ActivityManagerService.java:5381)
2024-10-06 13:40:21.716   568   660 E ActivityManager: 	at android.app.PendingIntent.sendAndReturnResult(PendingIntent.java:1012)
2024-10-06 13:40:21.716   568   660 E ActivityManager: 	at android.app.PendingIntent.send(PendingIntent.java:983)
2024-10-06 13:40:21.716   568   660 E ActivityManager: 	at com.android.server.alarm.AlarmManagerService$DeliveryTracker.deliverLocked(AlarmManagerService.java:5527)
2024-10-06 13:40:21.716   568   660 E ActivityManager: 	at com.android.server.alarm.AlarmManagerService.deliverAlarmsLocked(AlarmManagerService.java:4429)
2024-10-06 13:40:21.716   568   660 E ActivityManager: 	at com.android.server.alarm.AlarmManagerService$AlarmThread.run(AlarmManagerService.java:4740)
2024-10-06 13:40:24.478   568   602 W ActivityManager: Slow operation: 156ms so far, now at startProcess: returned from zygote!
